<?xml version="1.0" encoding="UTF-8"?>
<!-- Generated by org.testng.reporters.JUnitXMLReporter -->
<testsuite ignored="0" hostname="PARTHDellG15" failures="0" tests="4" name="Test" time="81.297" errors="0" timestamp="2025-02-14T13:19:36 IST">
  <testcase classname="MotorClaim._03_MotorClaim_QualityCheck" name="MotorClaim_QualityCheck" time="8.45"/>
  <testcase classname="MotorClaim._04_MotorClaim_CustomerReview" name="MotorClaim_CustomerReview" time="9.46"/>
  <testcase classname="MotorClaim._05_MotorClaim_RepairerAppointment" name="MotorClaim_RepairerAppointment" time="7.11"/>
  <testcase classname="MotorClaim._06_MotorClaim_RepairerReport" name="MotorClaim_RepairerReport" time="11.75"/>
</testsuite> <!-- Test -->
