<?xml version="1.0" encoding="UTF-8"?>
<testng-results ignored="0" total="1" passed="1" failed="0" skipped="0">
  <reporter-output>
    <line>
      <![CDATA[Login Successfull]]>
    </line>
  </reporter-output>
  <suite started-at="2025-02-06T17:44:56 IST" name="Default suite" finished-at="2025-02-06T17:45:18 IST" duration-ms="21967">
    <groups>
    </groups>
    <test started-at="2025-02-06T17:44:56 IST" name="Default test" finished-at="2025-02-06T17:45:18 IST" duration-ms="21967">
      <class name="PreInspection._04_PreInspection_QualityCheck">
        <test-method is-config="true" signature="setup()[pri:0, instance:PreInspection._04_PreInspection_QualityCheck@498d318c]" started-at="2025-02-06T17:44:56 IST" name="setup" finished-at="2025-02-06T17:45:00 IST" duration-ms="4140" status="PASS">
          <reporter-output>
          </reporter-output>
        </test-method> <!-- setup -->
        <test-method signature="Quality_Check()[pri:0, instance:PreInspection._04_PreInspection_QualityCheck@498d318c]" started-at="2025-02-06T17:45:00 IST" name="Quality_Check" finished-at="2025-02-06T17:45:13 IST" duration-ms="12933" status="PASS">
          <reporter-output>
            <line>
              <![CDATA[Login Successfull]]>
            </line>
          </reporter-output>
        </test-method> <!-- Quality_Check -->
        <test-method is-config="true" signature="Logout()[pri:0, instance:PreInspection._04_PreInspection_QualityCheck@498d318c]" started-at="2025-02-06T17:45:13 IST" name="Logout" finished-at="2025-02-06T17:45:18 IST" duration-ms="4866" status="PASS">
          <reporter-output>
          </reporter-output>
        </test-method> <!-- Logout -->
      </class> <!-- PreInspection._04_PreInspection_QualityCheck -->
    </test> <!-- Default test -->
  </suite> <!-- Default suite -->
</testng-results>
