<?xml version="1.0" encoding="UTF-8"?>
<testng-results ignored="0" total="4" passed="4" failed="0" skipped="0">
  <reporter-output>
    <line>
      <![CDATA[Login Successfull]]>
    </line>
    <line>
      <![CDATA[Login Successfull]]>
    </line>
    <line>
      <![CDATA[Login Successfull]]>
    </line>
    <line>
      <![CDATA[Login Successfull]]>
    </line>
  </reporter-output>
  <suite started-at="2025-02-14T13:18:15 IST" name="Suite" finished-at="2025-02-14T13:19:36 IST" duration-ms="81297">
    <groups>
    </groups>
    <test started-at="2025-02-14T13:18:15 IST" name="Test" finished-at="2025-02-14T13:19:36 IST" duration-ms="81297">
      <class name="MotorClaim._04_MotorClaim_CustomerReview">
        <test-method is-config="true" signature="setup()[pri:0, instance:MotorClaim._04_MotorClaim_CustomerReview@222545dc]" started-at="2025-02-14T13:18:34 IST" name="setup" finished-at="2025-02-14T13:18:39 IST" duration-ms="4857" status="PASS">
          <reporter-output>
          </reporter-output>
        </test-method> <!-- setup -->
        <test-method signature="MotorClaim_CustomerReview()[pri:0, instance:MotorClaim._04_MotorClaim_CustomerReview@222545dc]" started-at="2025-02-14T13:18:39 IST" name="MotorClaim_CustomerReview" finished-at="2025-02-14T13:18:49 IST" duration-ms="9460" status="PASS">
          <reporter-output>
            <line>
              <![CDATA[Login Successfull]]>
            </line>
          </reporter-output>
        </test-method> <!-- MotorClaim_CustomerReview -->
        <test-method is-config="true" signature="Logout()[pri:0, instance:MotorClaim._04_MotorClaim_CustomerReview@222545dc]" started-at="2025-02-14T13:18:49 IST" name="Logout" finished-at="2025-02-14T13:18:55 IST" duration-ms="6347" status="PASS">
          <reporter-output>
          </reporter-output>
        </test-method> <!-- Logout -->
      </class> <!-- MotorClaim._04_MotorClaim_CustomerReview -->
      <class name="MotorClaim._03_MotorClaim_QualityCheck">
        <test-method is-config="true" signature="setup()[pri:0, instance:MotorClaim._03_MotorClaim_QualityCheck@4d9e68d0]" started-at="2025-02-14T13:18:15 IST" name="setup" finished-at="2025-02-14T13:18:20 IST" duration-ms="5047" status="PASS">
          <reporter-output>
          </reporter-output>
        </test-method> <!-- setup -->
        <test-method signature="MotorClaim_QualityCheck()[pri:0, instance:MotorClaim._03_MotorClaim_QualityCheck@4d9e68d0]" started-at="2025-02-14T13:18:20 IST" name="MotorClaim_QualityCheck" finished-at="2025-02-14T13:18:28 IST" duration-ms="8450" status="PASS">
          <reporter-output>
            <line>
              <![CDATA[Login Successfull]]>
            </line>
          </reporter-output>
        </test-method> <!-- MotorClaim_QualityCheck -->
        <test-method is-config="true" signature="Logout()[pri:0, instance:MotorClaim._03_MotorClaim_QualityCheck@4d9e68d0]" started-at="2025-02-14T13:18:28 IST" name="Logout" finished-at="2025-02-14T13:18:34 IST" duration-ms="6192" status="PASS">
          <reporter-output>
          </reporter-output>
        </test-method> <!-- Logout -->
      </class> <!-- MotorClaim._03_MotorClaim_QualityCheck -->
      <class name="MotorClaim._06_MotorClaim_RepairerReport">
        <test-method is-config="true" signature="setup()[pri:0, instance:MotorClaim._06_MotorClaim_RepairerReport@16293aa2]" started-at="2025-02-14T13:19:13 IST" name="setup" finished-at="2025-02-14T13:19:19 IST" duration-ms="5601" status="PASS">
          <reporter-output>
          </reporter-output>
        </test-method> <!-- setup -->
        <test-method signature="MotorClaim_RepairerReport()[pri:0, instance:MotorClaim._06_MotorClaim_RepairerReport@16293aa2]" started-at="2025-02-14T13:19:19 IST" name="MotorClaim_RepairerReport" finished-at="2025-02-14T13:19:31 IST" duration-ms="11750" status="PASS">
          <reporter-output>
            <line>
              <![CDATA[Login Successfull]]>
            </line>
          </reporter-output>
        </test-method> <!-- MotorClaim_RepairerReport -->
        <test-method is-config="true" signature="Logout()[pri:0, instance:MotorClaim._06_MotorClaim_RepairerReport@16293aa2]" started-at="2025-02-14T13:19:31 IST" name="Logout" finished-at="2025-02-14T13:19:36 IST" duration-ms="5386" status="PASS">
          <reporter-output>
          </reporter-output>
        </test-method> <!-- Logout -->
      </class> <!-- MotorClaim._06_MotorClaim_RepairerReport -->
      <class name="MotorClaim._05_MotorClaim_RepairerAppointment">
        <test-method is-config="true" signature="setup()[pri:0, instance:MotorClaim._05_MotorClaim_RepairerAppointment@5c5eefef]" started-at="2025-02-14T13:18:55 IST" name="setup" finished-at="2025-02-14T13:19:01 IST" duration-ms="5569" status="PASS">
          <reporter-output>
          </reporter-output>
        </test-method> <!-- setup -->
        <test-method signature="MotorClaim_RepairerAppointment()[pri:0, instance:MotorClaim._05_MotorClaim_RepairerAppointment@5c5eefef]" started-at="2025-02-14T13:19:01 IST" name="MotorClaim_RepairerAppointment" finished-at="2025-02-14T13:19:08 IST" duration-ms="7110" status="PASS">
          <reporter-output>
            <line>
              <![CDATA[Login Successfull]]>
            </line>
          </reporter-output>
        </test-method> <!-- MotorClaim_RepairerAppointment -->
        <test-method is-config="true" signature="Logout()[pri:0, instance:MotorClaim._05_MotorClaim_RepairerAppointment@5c5eefef]" started-at="2025-02-14T13:19:08 IST" name="Logout" finished-at="2025-02-14T13:19:13 IST" duration-ms="5496" status="PASS">
          <reporter-output>
          </reporter-output>
        </test-method> <!-- Logout -->
      </class> <!-- MotorClaim._05_MotorClaim_RepairerAppointment -->
    </test> <!-- Test -->
  </suite> <!-- Suite -->
</testng-results>
