<?xml version="1.0" encoding="UTF-8"?>
<testng-results ignored="0" total="23" passed="23" failed="0" skipped="0">
  <reporter-output>
    <line>
      <![CDATA[Login Successfull]]>
    </line>
    <line>
      <![CDATA[Login Successfull]]>
    </line>
    <line>
      <![CDATA[Login Successfull]]>
    </line>
    <line>
      <![CDATA[Login Successfull]]>
    </line>
    <line>
      <![CDATA[Login Successfull]]>
    </line>
    <line>
      <![CDATA[Login Successfull]]>
    </line>
    <line>
      <![CDATA[Login Successfull]]>
    </line>
    <line>
      <![CDATA[Login Successfull]]>
    </line>
    <line>
      <![CDATA[Login Successfull]]>
    </line>
    <line>
      <![CDATA[Login Successfull]]>
    </line>
    <line>
      <![CDATA[Login Successfull]]>
    </line>
    <line>
      <![CDATA[Login Successfull]]>
    </line>
    <line>
      <![CDATA[Login Successfull]]>
    </line>
    <line>
      <![CDATA[Login Successfull]]>
    </line>
    <line>
      <![CDATA[Login Successfull]]>
    </line>
    <line>
      <![CDATA[Login Successfull]]>
    </line>
    <line>
      <![CDATA[Login Successfull]]>
    </line>
    <line>
      <![CDATA[Login Successfull]]>
    </line>
    <line>
      <![CDATA[Login Successfull]]>
    </line>
    <line>
      <![CDATA[Login Successfull]]>
    </line>
    <line>
      <![CDATA[Login Successfull]]>
    </line>
    <line>
      <![CDATA[Login Successfull]]>
    </line>
    <line>
      <![CDATA[Login Successfull]]>
    </line>
  </reporter-output>
  <suite started-at="2025-02-18T16:59:06 IST" name="Suite" finished-at="2025-02-18T17:07:45 IST" duration-ms="518558">
    <groups>
    </groups>
    <test started-at="2025-02-18T16:59:06 IST" name="Test" finished-at="2025-02-18T17:07:45 IST" duration-ms="518558">
      <class name="MotorClaim._08_MotorClaim_InsurerVerification">
        <test-method is-config="true" signature="setup()[pri:0, instance:MotorClaim._08_MotorClaim_InsurerVerification@4efbca5a]" started-at="2025-02-18T17:02:36 IST" name="setup" finished-at="2025-02-18T17:02:42 IST" duration-ms="5274" status="PASS">
          <reporter-output>
          </reporter-output>
        </test-method> <!-- setup -->
        <test-method signature="MotorClaim_InsurerVerification()[pri:0, instance:MotorClaim._08_MotorClaim_InsurerVerification@4efbca5a]" started-at="2025-02-18T17:02:42 IST" name="MotorClaim_InsurerVerification" finished-at="2025-02-18T17:02:51 IST" duration-ms="9349" status="PASS">
          <reporter-output>
            <line>
              <![CDATA[Login Successfull]]>
            </line>
          </reporter-output>
        </test-method> <!-- MotorClaim_InsurerVerification -->
        <test-method is-config="true" signature="Logout()[pri:0, instance:MotorClaim._08_MotorClaim_InsurerVerification@4efbca5a]" started-at="2025-02-18T17:02:51 IST" name="Logout" finished-at="2025-02-18T17:02:56 IST" duration-ms="5351" status="PASS">
          <reporter-output>
          </reporter-output>
        </test-method> <!-- Logout -->
      </class> <!-- MotorClaim._08_MotorClaim_InsurerVerification -->
      <class name="MotorClaim._11_MotorClaim_RepairerAuthorization">
        <test-method is-config="true" signature="setup()[pri:0, instance:MotorClaim._11_MotorClaim_RepairerAuthorization@77fbd92c]" started-at="2025-02-18T17:03:45 IST" name="setup" finished-at="2025-02-18T17:03:50 IST" duration-ms="4752" status="PASS">
          <reporter-output>
          </reporter-output>
        </test-method> <!-- setup -->
        <test-method signature="MotorClaim_RepairerAuthorization()[pri:0, instance:MotorClaim._11_MotorClaim_RepairerAuthorization@77fbd92c]" started-at="2025-02-18T17:03:50 IST" name="MotorClaim_RepairerAuthorization" finished-at="2025-02-18T17:03:57 IST" duration-ms="7073" status="PASS">
          <reporter-output>
            <line>
              <![CDATA[Login Successfull]]>
            </line>
          </reporter-output>
        </test-method> <!-- MotorClaim_RepairerAuthorization -->
        <test-method is-config="true" signature="Logout()[pri:0, instance:MotorClaim._11_MotorClaim_RepairerAuthorization@77fbd92c]" started-at="2025-02-18T17:03:57 IST" name="Logout" finished-at="2025-02-18T17:04:02 IST" duration-ms="5787" status="PASS">
          <reporter-output>
          </reporter-output>
        </test-method> <!-- Logout -->
      </class> <!-- MotorClaim._11_MotorClaim_RepairerAuthorization -->
      <class name="MotorClaim._17_MotorClaim_PaymentDetails">
        <test-method is-config="true" signature="setup()[pri:0, instance:MotorClaim._17_MotorClaim_PaymentDetails@747ddf94]" started-at="2025-02-18T17:06:08 IST" name="setup" finished-at="2025-02-18T17:06:13 IST" duration-ms="4657" status="PASS">
          <reporter-output>
          </reporter-output>
        </test-method> <!-- setup -->
        <test-method signature="MotorClaim_PaymentDetails()[pri:0, instance:MotorClaim._17_MotorClaim_PaymentDetails@747ddf94]" started-at="2025-02-18T17:06:13 IST" name="MotorClaim_PaymentDetails" finished-at="2025-02-18T17:06:19 IST" duration-ms="5988" status="PASS">
          <reporter-output>
            <line>
              <![CDATA[Login Successfull]]>
            </line>
          </reporter-output>
        </test-method> <!-- MotorClaim_PaymentDetails -->
        <test-method is-config="true" signature="Logout()[pri:0, instance:MotorClaim._17_MotorClaim_PaymentDetails@747ddf94]" started-at="2025-02-18T17:06:19 IST" name="Logout" finished-at="2025-02-18T17:06:23 IST" duration-ms="4525" status="PASS">
          <reporter-output>
          </reporter-output>
        </test-method> <!-- Logout -->
      </class> <!-- MotorClaim._17_MotorClaim_PaymentDetails -->
      <class name="MotorClaim._03_MotorClaim_QualityCheck">
        <test-method is-config="true" signature="setup()[pri:0, instance:MotorClaim._03_MotorClaim_QualityCheck@6adbc9d]" started-at="2025-02-18T17:00:44 IST" name="setup" finished-at="2025-02-18T17:00:50 IST" duration-ms="5864" status="PASS">
          <reporter-output>
          </reporter-output>
        </test-method> <!-- setup -->
        <test-method signature="MotorClaim_QualityCheck()[pri:0, instance:MotorClaim._03_MotorClaim_QualityCheck@6adbc9d]" started-at="2025-02-18T17:00:50 IST" name="MotorClaim_QualityCheck" finished-at="2025-02-18T17:01:03 IST" duration-ms="12959" status="PASS">
          <reporter-output>
            <line>
              <![CDATA[Login Successfull]]>
            </line>
          </reporter-output>
        </test-method> <!-- MotorClaim_QualityCheck -->
        <test-method is-config="true" signature="Logout()[pri:0, instance:MotorClaim._03_MotorClaim_QualityCheck@6adbc9d]" started-at="2025-02-18T17:01:03 IST" name="Logout" finished-at="2025-02-18T17:01:12 IST" duration-ms="9007" status="PASS">
          <reporter-output>
          </reporter-output>
        </test-method> <!-- Logout -->
      </class> <!-- MotorClaim._03_MotorClaim_QualityCheck -->
      <class name="MotorClaim._04_MotorClaim_CustomerReview">
        <test-method is-config="true" signature="setup()[pri:0, instance:MotorClaim._04_MotorClaim_CustomerReview@4550bb58]" started-at="2025-02-18T17:01:12 IST" name="setup" finished-at="2025-02-18T17:01:17 IST" duration-ms="4775" status="PASS">
          <reporter-output>
          </reporter-output>
        </test-method> <!-- setup -->
        <test-method signature="MotorClaim_CustomerReview()[pri:0, instance:MotorClaim._04_MotorClaim_CustomerReview@4550bb58]" started-at="2025-02-18T17:01:17 IST" name="MotorClaim_CustomerReview" finished-at="2025-02-18T17:01:26 IST" duration-ms="8856" status="PASS">
          <reporter-output>
            <line>
              <![CDATA[Login Successfull]]>
            </line>
          </reporter-output>
        </test-method> <!-- MotorClaim_CustomerReview -->
        <test-method is-config="true" signature="Logout()[pri:0, instance:MotorClaim._04_MotorClaim_CustomerReview@4550bb58]" started-at="2025-02-18T17:01:26 IST" name="Logout" finished-at="2025-02-18T17:01:31 IST" duration-ms="5870" status="PASS">
          <reporter-output>
          </reporter-output>
        </test-method> <!-- Logout -->
      </class> <!-- MotorClaim._04_MotorClaim_CustomerReview -->
      <class name="MotorClaim._01_MotorClaim_InitiateNewProcess">
        <test-method is-config="true" signature="setup()[pri:0, instance:MotorClaim._01_MotorClaim_InitiateNewProcess@4466af20]" started-at="2025-02-18T16:59:06 IST" name="setup" finished-at="2025-02-18T16:59:14 IST" duration-ms="7798" status="PASS">
          <reporter-output>
          </reporter-output>
        </test-method> <!-- setup -->
        <test-method signature="MotorClaim_InitiateNewProcess()[pri:0, instance:MotorClaim._01_MotorClaim_InitiateNewProcess@4466af20]" started-at="2025-02-18T16:59:14 IST" name="MotorClaim_InitiateNewProcess" finished-at="2025-02-18T16:59:27 IST" duration-ms="12592" status="PASS">
          <reporter-output>
            <line>
              <![CDATA[Login Successfull]]>
            </line>
          </reporter-output>
        </test-method> <!-- MotorClaim_InitiateNewProcess -->
        <test-method is-config="true" signature="Logout()[pri:0, instance:MotorClaim._01_MotorClaim_InitiateNewProcess@4466af20]" started-at="2025-02-18T16:59:27 IST" name="Logout" finished-at="2025-02-18T16:59:32 IST" duration-ms="5516" status="PASS">
          <reporter-output>
          </reporter-output>
        </test-method> <!-- Logout -->
      </class> <!-- MotorClaim._01_MotorClaim_InitiateNewProcess -->
      <class name="MotorClaim._18_MotorClaim_Completion">
        <test-method is-config="true" signature="setup()[pri:0, instance:MotorClaim._18_MotorClaim_Completion@35e2d654]" started-at="2025-02-18T17:06:23 IST" name="setup" finished-at="2025-02-18T17:06:28 IST" duration-ms="4345" status="PASS">
          <reporter-output>
          </reporter-output>
        </test-method> <!-- setup -->
        <test-method signature="MotorClaim_Completion()[pri:0, instance:MotorClaim._18_MotorClaim_Completion@35e2d654]" started-at="2025-02-18T17:06:28 IST" name="MotorClaim_Completion" finished-at="2025-02-18T17:06:34 IST" duration-ms="6222" status="PASS">
          <reporter-output>
            <line>
              <![CDATA[Login Successfull]]>
            </line>
          </reporter-output>
        </test-method> <!-- MotorClaim_Completion -->
        <test-method is-config="true" signature="Logout()[pri:0, instance:MotorClaim._18_MotorClaim_Completion@35e2d654]" started-at="2025-02-18T17:06:34 IST" name="Logout" finished-at="2025-02-18T17:06:39 IST" duration-ms="4732" status="PASS">
          <reporter-output>
          </reporter-output>
        </test-method> <!-- Logout -->
      </class> <!-- MotorClaim._18_MotorClaim_Completion -->
      <class name="MotorClaim._06_MotorClaim_RepairerReport">
        <test-method is-config="true" signature="setup()[pri:0, instance:MotorClaim._06_MotorClaim_RepairerReport@223191a6]" started-at="2025-02-18T17:01:57 IST" name="setup" finished-at="2025-02-18T17:02:04 IST" duration-ms="6158" status="PASS">
          <reporter-output>
          </reporter-output>
        </test-method> <!-- setup -->
        <test-method signature="MotorClaim_RepairerReport()[pri:0, instance:MotorClaim._06_MotorClaim_RepairerReport@223191a6]" started-at="2025-02-18T17:02:04 IST" name="MotorClaim_RepairerReport" finished-at="2025-02-18T17:02:13 IST" duration-ms="9766" status="PASS">
          <reporter-output>
            <line>
              <![CDATA[Login Successfull]]>
            </line>
          </reporter-output>
        </test-method> <!-- MotorClaim_RepairerReport -->
        <test-method is-config="true" signature="Logout()[pri:0, instance:MotorClaim._06_MotorClaim_RepairerReport@223191a6]" started-at="2025-02-18T17:02:13 IST" name="Logout" finished-at="2025-02-18T17:02:19 IST" duration-ms="5822" status="PASS">
          <reporter-output>
          </reporter-output>
        </test-method> <!-- Logout -->
      </class> <!-- MotorClaim._06_MotorClaim_RepairerReport -->
      <class name="MotorClaim._12_MotorClaim_ClaimFinancerAllocation">
        <test-method is-config="true" signature="setup()[pri:0, instance:MotorClaim._12_MotorClaim_ClaimFinancerAllocation@67c27493]" started-at="2025-02-18T17:04:02 IST" name="setup" finished-at="2025-02-18T17:04:06 IST" duration-ms="3923" status="PASS">
          <reporter-output>
          </reporter-output>
        </test-method> <!-- setup -->
        <test-method signature="MotorClaim_ClaimFinancerAllocation()[pri:0, instance:MotorClaim._12_MotorClaim_ClaimFinancerAllocation@67c27493]" started-at="2025-02-18T17:04:06 IST" name="MotorClaim_ClaimFinancerAllocation" finished-at="2025-02-18T17:04:20 IST" duration-ms="13734" status="PASS">
          <reporter-output>
            <line>
              <![CDATA[Login Successfull]]>
            </line>
          </reporter-output>
        </test-method> <!-- MotorClaim_ClaimFinancerAllocation -->
        <test-method is-config="true" signature="Logout()[pri:0, instance:MotorClaim._12_MotorClaim_ClaimFinancerAllocation@67c27493]" started-at="2025-02-18T17:04:20 IST" name="Logout" finished-at="2025-02-18T17:04:26 IST" duration-ms="6008" status="PASS">
          <reporter-output>
          </reporter-output>
        </test-method> <!-- Logout -->
      </class> <!-- MotorClaim._12_MotorClaim_ClaimFinancerAllocation -->
      <class name="MotorClaim._02_MotorClaim_ClaimFormSubmission">
        <test-method is-config="true" signature="setup()[pri:0, instance:MotorClaim._02_MotorClaim_ClaimFormSubmission@c8c12ac]" started-at="2025-02-18T16:59:32 IST" name="setup" finished-at="2025-02-18T16:59:38 IST" duration-ms="6004" status="PASS">
          <reporter-output>
          </reporter-output>
        </test-method> <!-- setup -->
        <test-method signature="MotorClaim_ClaimFormSubmission()[pri:0, instance:MotorClaim._02_MotorClaim_ClaimFormSubmission@c8c12ac]" started-at="2025-02-18T16:59:38 IST" name="MotorClaim_ClaimFormSubmission" finished-at="2025-02-18T17:00:39 IST" duration-ms="60623" status="PASS">
          <reporter-output>
            <line>
              <![CDATA[Login Successfull]]>
            </line>
          </reporter-output>
        </test-method> <!-- MotorClaim_ClaimFormSubmission -->
        <test-method is-config="true" signature="Logout()[pri:0, instance:MotorClaim._02_MotorClaim_ClaimFormSubmission@c8c12ac]" started-at="2025-02-18T17:00:39 IST" name="Logout" finished-at="2025-02-18T17:00:44 IST" duration-ms="5036" status="PASS">
          <reporter-output>
          </reporter-output>
        </test-method> <!-- Logout -->
      </class> <!-- MotorClaim._02_MotorClaim_ClaimFormSubmission -->
      <class name="MotorClaim._15_MotorClaim_SurveyorFees">
        <test-method is-config="true" signature="setup()[pri:0, instance:MotorClaim._15_MotorClaim_SurveyorFees@5b8dfcc1]" started-at="2025-02-18T17:05:16 IST" name="setup" finished-at="2025-02-18T17:05:21 IST" duration-ms="5010" status="PASS">
          <reporter-output>
          </reporter-output>
        </test-method> <!-- setup -->
        <test-method signature="MotorClaim_SurvyeorFees()[pri:0, instance:MotorClaim._15_MotorClaim_SurveyorFees@5b8dfcc1]" started-at="2025-02-18T17:05:21 IST" name="MotorClaim_SurvyeorFees" finished-at="2025-02-18T17:05:30 IST" duration-ms="8652" status="PASS">
          <reporter-output>
            <line>
              <![CDATA[Login Successfull]]>
            </line>
          </reporter-output>
        </test-method> <!-- MotorClaim_SurvyeorFees -->
        <test-method is-config="true" signature="Logout()[pri:0, instance:MotorClaim._15_MotorClaim_SurveyorFees@5b8dfcc1]" started-at="2025-02-18T17:05:30 IST" name="Logout" finished-at="2025-02-18T17:05:36 IST" duration-ms="5791" status="PASS">
          <reporter-output>
          </reporter-output>
        </test-method> <!-- Logout -->
      </class> <!-- MotorClaim._15_MotorClaim_SurveyorFees -->
      <class name="MotorClaim._16_MotorClaim_BillVerification">
        <test-method is-config="true" signature="setup()[pri:0, instance:MotorClaim._16_MotorClaim_BillVerification@2f9f7dcf]" started-at="2025-02-18T17:05:36 IST" name="setup" finished-at="2025-02-18T17:05:40 IST" duration-ms="4515" status="PASS">
          <reporter-output>
          </reporter-output>
        </test-method> <!-- setup -->
        <test-method signature="MotorClaim_BillVerification()[pri:0, instance:MotorClaim._16_MotorClaim_BillVerification@2f9f7dcf]" started-at="2025-02-18T17:05:40 IST" name="MotorClaim_BillVerification" finished-at="2025-02-18T17:06:03 IST" duration-ms="22446" status="PASS">
          <reporter-output>
            <line>
              <![CDATA[Login Successfull]]>
            </line>
          </reporter-output>
        </test-method> <!-- MotorClaim_BillVerification -->
        <test-method is-config="true" signature="Logout()[pri:0, instance:MotorClaim._16_MotorClaim_BillVerification@2f9f7dcf]" started-at="2025-02-18T17:06:03 IST" name="Logout" finished-at="2025-02-18T17:06:08 IST" duration-ms="5597" status="PASS">
          <reporter-output>
          </reporter-output>
        </test-method> <!-- Logout -->
      </class> <!-- MotorClaim._16_MotorClaim_BillVerification -->
      <class name="MotorClaim._09_MotorClaim_SurveyorAppointment">
        <test-method is-config="true" signature="setup()[pri:0, instance:MotorClaim._09_MotorClaim_SurveyorAppointment@1b7cc17c]" started-at="2025-02-18T17:02:56 IST" name="setup" finished-at="2025-02-18T17:03:02 IST" duration-ms="5936" status="PASS">
          <reporter-output>
          </reporter-output>
        </test-method> <!-- setup -->
        <test-method signature="MotorClaim_SurveyorAppointment()[pri:0, instance:MotorClaim._09_MotorClaim_SurveyorAppointment@1b7cc17c]" started-at="2025-02-18T17:03:02 IST" name="MotorClaim_SurveyorAppointment" finished-at="2025-02-18T17:03:18 IST" duration-ms="15524" status="PASS">
          <reporter-output>
            <line>
              <![CDATA[Login Successfull]]>
            </line>
          </reporter-output>
        </test-method> <!-- MotorClaim_SurveyorAppointment -->
        <test-method is-config="true" signature="Logout()[pri:0, instance:MotorClaim._09_MotorClaim_SurveyorAppointment@1b7cc17c]" started-at="2025-02-18T17:03:18 IST" name="Logout" finished-at="2025-02-18T17:03:23 IST" duration-ms="5515" status="PASS">
          <reporter-output>
          </reporter-output>
        </test-method> <!-- Logout -->
      </class> <!-- MotorClaim._09_MotorClaim_SurveyorAppointment -->
      <class name="MotorClaim._10_MotorClaim_SurveyorReport">
        <test-method is-config="true" signature="setup()[pri:0, instance:MotorClaim._10_MotorClaim_SurveyorReport@59662a0b]" started-at="2025-02-18T17:03:23 IST" name="setup" finished-at="2025-02-18T17:03:32 IST" duration-ms="8993" status="PASS">
          <reporter-output>
          </reporter-output>
        </test-method> <!-- setup -->
        <test-method signature="MotorClaim_SurveyorReport()[pri:0, instance:MotorClaim._10_MotorClaim_SurveyorReport@59662a0b]" started-at="2025-02-18T17:03:32 IST" name="MotorClaim_SurveyorReport" finished-at="2025-02-18T17:03:40 IST" duration-ms="7487" status="PASS">
          <reporter-output>
            <line>
              <![CDATA[Login Successfull]]>
            </line>
          </reporter-output>
        </test-method> <!-- MotorClaim_SurveyorReport -->
        <test-method is-config="true" signature="Logout()[pri:0, instance:MotorClaim._10_MotorClaim_SurveyorReport@59662a0b]" started-at="2025-02-18T17:03:40 IST" name="Logout" finished-at="2025-02-18T17:03:45 IST" duration-ms="5126" status="PASS">
          <reporter-output>
          </reporter-output>
        </test-method> <!-- Logout -->
      </class> <!-- MotorClaim._10_MotorClaim_SurveyorReport -->
      <class name="MotorClaim._14_MotorClaim_FinalReport">
        <test-method is-config="true" signature="setup()[pri:0, instance:MotorClaim._14_MotorClaim_FinalReport@72967906]" started-at="2025-02-18T17:04:51 IST" name="setup" finished-at="2025-02-18T17:04:56 IST" duration-ms="4790" status="PASS">
          <reporter-output>
          </reporter-output>
        </test-method> <!-- setup -->
        <test-method signature="MotorClaim_FinalReport()[pri:0, instance:MotorClaim._14_MotorClaim_FinalReport@72967906]" started-at="2025-02-18T17:04:56 IST" name="MotorClaim_FinalReport" finished-at="2025-02-18T17:05:10 IST" duration-ms="14408" status="PASS">
          <reporter-output>
            <line>
              <![CDATA[Login Successfull]]>
            </line>
          </reporter-output>
        </test-method> <!-- MotorClaim_FinalReport -->
        <test-method is-config="true" signature="Logout()[pri:0, instance:MotorClaim._14_MotorClaim_FinalReport@72967906]" started-at="2025-02-18T17:05:10 IST" name="Logout" finished-at="2025-02-18T17:05:16 IST" duration-ms="6182" status="PASS">
          <reporter-output>
          </reporter-output>
        </test-method> <!-- Logout -->
      </class> <!-- MotorClaim._14_MotorClaim_FinalReport -->
      <class name="MotorClaim._13_MotorClaim_RepairerProgress">
        <test-method is-config="true" signature="setup()[pri:0, instance:MotorClaim._13_MotorClaim_RepairerProgress@1a482e36]" started-at="2025-02-18T17:04:26 IST" name="setup" finished-at="2025-02-18T17:04:30 IST" duration-ms="4144" status="PASS">
          <reporter-output>
          </reporter-output>
        </test-method> <!-- setup -->
        <test-method signature="MotorClaim_RepairerProgress()[pri:0, instance:MotorClaim._13_MotorClaim_RepairerProgress@1a482e36]" started-at="2025-02-18T17:04:30 IST" name="MotorClaim_RepairerProgress" finished-at="2025-02-18T17:04:44 IST" duration-ms="13931" status="PASS">
          <reporter-output>
            <line>
              <![CDATA[Login Successfull]]>
            </line>
          </reporter-output>
        </test-method> <!-- MotorClaim_RepairerProgress -->
        <test-method is-config="true" signature="Logout()[pri:0, instance:MotorClaim._13_MotorClaim_RepairerProgress@1a482e36]" started-at="2025-02-18T17:04:44 IST" name="Logout" finished-at="2025-02-18T17:04:51 IST" duration-ms="6540" status="PASS">
          <reporter-output>
          </reporter-output>
        </test-method> <!-- Logout -->
      </class> <!-- MotorClaim._13_MotorClaim_RepairerProgress -->
      <class name="MotorClaim._Feedback_From_All_Users">
        <test-method is-config="true" signature="setup()[pri:0, instance:MotorClaim._Feedback_From_All_Users@1bd4fdd]" started-at="2025-02-18T17:06:39 IST" name="setup" finished-at="2025-02-18T17:06:43 IST" duration-ms="4792" status="PASS">
          <reporter-output>
          </reporter-output>
        </test-method> <!-- setup -->
        <test-method signature="MotorClaim_Feedback_From_Customer()[pri:1, instance:MotorClaim._Feedback_From_All_Users@1bd4fdd]" started-at="2025-02-18T17:06:43 IST" name="MotorClaim_Feedback_From_Customer" finished-at="2025-02-18T17:06:47 IST" duration-ms="3382" status="PASS">
          <reporter-output>
            <line>
              <![CDATA[Login Successfull]]>
            </line>
          </reporter-output>
        </test-method> <!-- MotorClaim_Feedback_From_Customer -->
        <test-method is-config="true" signature="Logout()[pri:0, instance:MotorClaim._Feedback_From_All_Users@1bd4fdd]" started-at="2025-02-18T17:06:47 IST" name="Logout" finished-at="2025-02-18T17:06:53 IST" duration-ms="5937" status="PASS">
          <reporter-output>
          </reporter-output>
        </test-method> <!-- Logout -->
        <test-method is-config="true" signature="setup()[pri:0, instance:MotorClaim._Feedback_From_All_Users@1bd4fdd]" started-at="2025-02-18T17:06:53 IST" name="setup" finished-at="2025-02-18T17:06:57 IST" duration-ms="4130" status="PASS">
          <reporter-output>
          </reporter-output>
        </test-method> <!-- setup -->
        <test-method signature="MotorClaim_Feedback_From_Insurer()[pri:2, instance:MotorClaim._Feedback_From_All_Users@1bd4fdd]" started-at="2025-02-18T17:06:57 IST" name="MotorClaim_Feedback_From_Insurer" finished-at="2025-02-18T17:07:00 IST" duration-ms="3262" status="PASS">
          <reporter-output>
            <line>
              <![CDATA[Login Successfull]]>
            </line>
          </reporter-output>
        </test-method> <!-- MotorClaim_Feedback_From_Insurer -->
        <test-method is-config="true" signature="Logout()[pri:0, instance:MotorClaim._Feedback_From_All_Users@1bd4fdd]" started-at="2025-02-18T17:07:00 IST" name="Logout" finished-at="2025-02-18T17:07:04 IST" duration-ms="4339" status="PASS">
          <reporter-output>
          </reporter-output>
        </test-method> <!-- Logout -->
        <test-method is-config="true" signature="setup()[pri:0, instance:MotorClaim._Feedback_From_All_Users@1bd4fdd]" started-at="2025-02-18T17:07:04 IST" name="setup" finished-at="2025-02-18T17:07:08 IST" duration-ms="3893" status="PASS">
          <reporter-output>
          </reporter-output>
        </test-method> <!-- setup -->
        <test-method signature="MotorClaim_Feedback_From_Repairer()[pri:3, instance:MotorClaim._Feedback_From_All_Users@1bd4fdd]" started-at="2025-02-18T17:07:08 IST" name="MotorClaim_Feedback_From_Repairer" finished-at="2025-02-18T17:07:13 IST" duration-ms="4237" status="PASS">
          <reporter-output>
            <line>
              <![CDATA[Login Successfull]]>
            </line>
          </reporter-output>
        </test-method> <!-- MotorClaim_Feedback_From_Repairer -->
        <test-method is-config="true" signature="Logout()[pri:0, instance:MotorClaim._Feedback_From_All_Users@1bd4fdd]" started-at="2025-02-18T17:07:13 IST" name="Logout" finished-at="2025-02-18T17:07:19 IST" duration-ms="5933" status="PASS">
          <reporter-output>
          </reporter-output>
        </test-method> <!-- Logout -->
        <test-method is-config="true" signature="setup()[pri:0, instance:MotorClaim._Feedback_From_All_Users@1bd4fdd]" started-at="2025-02-18T17:07:19 IST" name="setup" finished-at="2025-02-18T17:07:23 IST" duration-ms="4486" status="PASS">
          <reporter-output>
          </reporter-output>
        </test-method> <!-- setup -->
        <test-method signature="MotorClaim_Feedback_From_Surveyor()[pri:4, instance:MotorClaim._Feedback_From_All_Users@1bd4fdd]" started-at="2025-02-18T17:07:23 IST" name="MotorClaim_Feedback_From_Surveyor" finished-at="2025-02-18T17:07:27 IST" duration-ms="3876" status="PASS">
          <reporter-output>
            <line>
              <![CDATA[Login Successfull]]>
            </line>
          </reporter-output>
        </test-method> <!-- MotorClaim_Feedback_From_Surveyor -->
        <test-method is-config="true" signature="Logout()[pri:0, instance:MotorClaim._Feedback_From_All_Users@1bd4fdd]" started-at="2025-02-18T17:07:27 IST" name="Logout" finished-at="2025-02-18T17:07:32 IST" duration-ms="4609" status="PASS">
          <reporter-output>
          </reporter-output>
        </test-method> <!-- Logout -->
        <test-method is-config="true" signature="setup()[pri:0, instance:MotorClaim._Feedback_From_All_Users@1bd4fdd]" started-at="2025-02-18T17:07:32 IST" name="setup" finished-at="2025-02-18T17:07:36 IST" duration-ms="4362" status="PASS">
          <reporter-output>
          </reporter-output>
        </test-method> <!-- setup -->
        <test-method signature="MotorClaim_FeedBack_FinalCompletion()[pri:5, instance:MotorClaim._Feedback_From_All_Users@1bd4fdd]" started-at="2025-02-18T17:07:36 IST" name="MotorClaim_FeedBack_FinalCompletion" finished-at="2025-02-18T17:07:41 IST" duration-ms="4673" status="PASS">
          <reporter-output>
            <line>
              <![CDATA[Login Successfull]]>
            </line>
          </reporter-output>
        </test-method> <!-- MotorClaim_FeedBack_FinalCompletion -->
        <test-method is-config="true" signature="Logout()[pri:0, instance:MotorClaim._Feedback_From_All_Users@1bd4fdd]" started-at="2025-02-18T17:07:41 IST" name="Logout" finished-at="2025-02-18T17:07:45 IST" duration-ms="4485" status="PASS">
          <reporter-output>
          </reporter-output>
        </test-method> <!-- Logout -->
      </class> <!-- MotorClaim._Feedback_From_All_Users -->
      <class name="MotorClaim._07_MotorClaim_QCApproval">
        <test-method is-config="true" signature="setup()[pri:0, instance:MotorClaim._07_MotorClaim_QCApproval@49139829]" started-at="2025-02-18T17:02:19 IST" name="setup" finished-at="2025-02-18T17:02:25 IST" duration-ms="6306" status="PASS">
          <reporter-output>
          </reporter-output>
        </test-method> <!-- setup -->
        <test-method signature="MotorClaim_QCApproval()[pri:0, instance:MotorClaim._07_MotorClaim_QCApproval@49139829]" started-at="2025-02-18T17:02:25 IST" name="MotorClaim_QCApproval" finished-at="2025-02-18T17:02:31 IST" duration-ms="5987" status="PASS">
          <reporter-output>
            <line>
              <![CDATA[Login Successfull]]>
            </line>
          </reporter-output>
        </test-method> <!-- MotorClaim_QCApproval -->
        <test-method is-config="true" signature="Logout()[pri:0, instance:MotorClaim._07_MotorClaim_QCApproval@49139829]" started-at="2025-02-18T17:02:31 IST" name="Logout" finished-at="2025-02-18T17:02:36 IST" duration-ms="4867" status="PASS">
          <reporter-output>
          </reporter-output>
        </test-method> <!-- Logout -->
      </class> <!-- MotorClaim._07_MotorClaim_QCApproval -->
      <class name="MotorClaim._05_MotorClaim_RepairerAppointment">
        <test-method is-config="true" signature="setup()[pri:0, instance:MotorClaim._05_MotorClaim_RepairerAppointment@4ec4f3a0]" started-at="2025-02-18T17:01:31 IST" name="setup" finished-at="2025-02-18T17:01:37 IST" duration-ms="5137" status="PASS">
          <reporter-output>
          </reporter-output>
        </test-method> <!-- setup -->
        <test-method signature="MotorClaim_RepairerAppointment()[pri:0, instance:MotorClaim._05_MotorClaim_RepairerAppointment@4ec4f3a0]" started-at="2025-02-18T17:01:37 IST" name="MotorClaim_RepairerAppointment" finished-at="2025-02-18T17:01:52 IST" duration-ms="15900" status="PASS">
          <reporter-output>
            <line>
              <![CDATA[Login Successfull]]>
            </line>
          </reporter-output>
        </test-method> <!-- MotorClaim_RepairerAppointment -->
        <test-method is-config="true" signature="Logout()[pri:0, instance:MotorClaim._05_MotorClaim_RepairerAppointment@4ec4f3a0]" started-at="2025-02-18T17:01:52 IST" name="Logout" finished-at="2025-02-18T17:01:57 IST" duration-ms="4942" status="PASS">
          <reporter-output>
          </reporter-output>
        </test-method> <!-- Logout -->
      </class> <!-- MotorClaim._05_MotorClaim_RepairerAppointment -->
    </test> <!-- Test -->
  </suite> <!-- Suite -->
</testng-results>
