<?xml version="1.0" encoding="UTF-8"?>
<testng-results ignored="0" total="1" passed="1" failed="0" skipped="0">
  <reporter-output>
    <line>
      <![CDATA[Login Successfull]]>
    </line>
  </reporter-output>
  <suite started-at="2025-02-04T14:49:41 IST" name="Default suite" finished-at="2025-02-04T14:50:06 IST" duration-ms="25356">
    <groups>
    </groups>
    <test started-at="2025-02-04T14:49:41 IST" name="Default test" finished-at="2025-02-04T14:50:06 IST" duration-ms="25356">
      <class name="MotorClaim._01_MotorClaim_InitiateNewProcess">
        <test-method is-config="true" signature="setup()[pri:0, instance:MotorClaim._01_MotorClaim_InitiateNewProcess@498d318c]" started-at="2025-02-04T14:49:41 IST" name="setup" finished-at="2025-02-04T14:49:46 IST" duration-ms="4915" status="PASS">
          <reporter-output>
          </reporter-output>
        </test-method> <!-- setup -->
        <test-method signature="MotorClaim_InitiateNewProcess()[pri:0, instance:MotorClaim._01_MotorClaim_InitiateNewProcess@498d318c]" started-at="2025-02-04T14:49:46 IST" name="MotorClaim_InitiateNewProcess" finished-at="2025-02-04T14:49:59 IST" duration-ms="12817" status="PASS">
          <reporter-output>
            <line>
              <![CDATA[Login Successfull]]>
            </line>
          </reporter-output>
        </test-method> <!-- MotorClaim_InitiateNewProcess -->
        <test-method is-config="true" signature="Logout()[pri:0, instance:MotorClaim._01_MotorClaim_InitiateNewProcess@498d318c]" started-at="2025-02-04T14:49:59 IST" name="Logout" finished-at="2025-02-04T14:50:06 IST" duration-ms="7599" status="PASS">
          <reporter-output>
          </reporter-output>
        </test-method> <!-- Logout -->
      </class> <!-- MotorClaim._01_MotorClaim_InitiateNewProcess -->
    </test> <!-- Default test -->
  </suite> <!-- Default suite -->
</testng-results>
