<?xml version="1.0" encoding="UTF-8"?>
<testng-results ignored="0" total="1" passed="1" failed="0" skipped="0">
  <reporter-output>
    <line>
      <![CDATA[Login Successfull]]>
    </line>
  </reporter-output>
  <suite started-at="2025-02-18T12:04:19 IST" name="Default suite" finished-at="2025-02-18T12:04:35 IST" duration-ms="16131">
    <groups>
    </groups>
    <test started-at="2025-02-18T12:04:19 IST" name="Default test" finished-at="2025-02-18T12:04:35 IST" duration-ms="16131">
      <class name="MotorClaim._17_MotorClaim_PaymentDetails">
        <test-method is-config="true" signature="setup()[pri:0, instance:MotorClaim._17_MotorClaim_PaymentDetails@dbf57b3]" started-at="2025-02-18T12:04:19 IST" name="setup" finished-at="2025-02-18T12:04:23 IST" duration-ms="4125" status="PASS">
          <reporter-output>
          </reporter-output>
        </test-method> <!-- setup -->
        <test-method signature="MotorClaim_PaymentDetails()[pri:0, instance:MotorClaim._17_MotorClaim_PaymentDetails@dbf57b3]" started-at="2025-02-18T12:04:23 IST" name="MotorClaim_PaymentDetails" finished-at="2025-02-18T12:04:31 IST" duration-ms="7434" status="PASS">
          <reporter-output>
            <line>
              <![CDATA[Login Successfull]]>
            </line>
          </reporter-output>
        </test-method> <!-- MotorClaim_PaymentDetails -->
        <test-method is-config="true" signature="Logout()[pri:0, instance:MotorClaim._17_MotorClaim_PaymentDetails@dbf57b3]" started-at="2025-02-18T12:04:31 IST" name="Logout" finished-at="2025-02-18T12:04:35 IST" duration-ms="4538" status="PASS">
          <reporter-output>
          </reporter-output>
        </test-method> <!-- Logout -->
      </class> <!-- MotorClaim._17_MotorClaim_PaymentDetails -->
    </test> <!-- Default test -->
  </suite> <!-- Default suite -->
</testng-results>
