<?xml version="1.0" encoding="UTF-8"?>
<testng-results ignored="0" total="1" passed="1" failed="0" skipped="0">
  <reporter-output>
    <line>
      <![CDATA[Login Successfull]]>
    </line>
  </reporter-output>
  <suite started-at="2025-02-20T12:24:55 IST" name="Default suite" finished-at="2025-02-20T12:25:20 IST" duration-ms="25103">
    <groups>
    </groups>
    <test started-at="2025-02-20T12:24:55 IST" name="Default test" finished-at="2025-02-20T12:25:20 IST" duration-ms="25103">
      <class name="MotorClaim._01_MotorClaim_InitiateNewProcess">
        <test-method is-config="true" signature="setup()[pri:0, instance:MotorClaim._01_MotorClaim_InitiateNewProcess@dbf57b3]" started-at="2025-02-20T12:24:55 IST" name="setup" finished-at="2025-02-20T12:25:02 IST" duration-ms="7628" status="PASS">
          <reporter-output>
          </reporter-output>
        </test-method> <!-- setup -->
        <test-method signature="MotorClaim_InitiateNewProcess()[pri:0, instance:MotorClaim._01_MotorClaim_InitiateNewProcess@dbf57b3]" started-at="2025-02-20T12:25:02 IST" name="MotorClaim_InitiateNewProcess" finished-at="2025-02-20T12:25:14 IST" duration-ms="11737" status="PASS">
          <reporter-output>
            <line>
              <![CDATA[Login Successfull]]>
            </line>
          </reporter-output>
        </test-method> <!-- MotorClaim_InitiateNewProcess -->
        <test-method is-config="true" signature="Logout()[pri:0, instance:MotorClaim._01_MotorClaim_InitiateNewProcess@dbf57b3]" started-at="2025-02-20T12:25:14 IST" name="Logout" finished-at="2025-02-20T12:25:20 IST" duration-ms="5716" status="PASS">
          <reporter-output>
          </reporter-output>
        </test-method> <!-- Logout -->
      </class> <!-- MotorClaim._01_MotorClaim_InitiateNewProcess -->
    </test> <!-- Default test -->
  </suite> <!-- Default suite -->
</testng-results>
